d:\git\quadcopter\quadcopter\mavlinkcom\temp\mavlinkcom\x64\debug\mavlinkcom.pdb
d:\git\quadcopter\quadcopter\mavlinkcom\temp\mavlinkcom\x64\debug\mavlinkcom.idb
d:\git\quadcopter\quadcopter\mavlinkcom\temp\mavlinkcom\x64\debug\filesystem.sbr
d:\git\quadcopter\quadcopter\mavlinkcom\temp\mavlinkcom\x64\debug\threadutils.sbr
d:\git\quadcopter\quadcopter\mavlinkcom\temp\mavlinkcom\x64\debug\udpsocket.sbr
d:\git\quadcopter\quadcopter\mavlinkcom\temp\mavlinkcom\x64\debug\udpsocketimpl.sbr
d:\git\quadcopter\quadcopter\mavlinkcom\temp\mavlinkcom\x64\debug\adhocconnection.sbr
d:\git\quadcopter\quadcopter\mavlinkcom\temp\mavlinkcom\x64\debug\adhocconnectionimpl.sbr
d:\git\quadcopter\quadcopter\mavlinkcom\temp\mavlinkcom\x64\debug\mavlinkftpclientimpl.sbr
d:\git\quadcopter\quadcopter\mavlinkcom\temp\mavlinkcom\x64\debug\mavlinknodeimpl.sbr
d:\git\quadcopter\quadcopter\mavlinkcom\temp\mavlinkcom\x64\debug\mavlinktcpserverimpl.sbr
d:\git\quadcopter\quadcopter\mavlinkcom\temp\mavlinkcom\x64\debug\onecorefindserialports.sbr
d:\git\quadcopter\quadcopter\mavlinkcom\temp\mavlinkcom\x64\debug\windowsfindserialports.sbr
d:\git\quadcopter\quadcopter\mavlinkcom\temp\mavlinkcom\x64\debug\mavlinkftpclient.sbr
d:\git\quadcopter\quadcopter\mavlinkcom\temp\mavlinkcom\x64\debug\mavlinklog.sbr
d:\git\quadcopter\quadcopter\mavlinkcom\temp\mavlinkcom\x64\debug\mavlinkmessagebase.sbr
d:\git\quadcopter\quadcopter\mavlinkcom\temp\mavlinkcom\x64\debug\mavlinkmessages.sbr
d:\git\quadcopter\quadcopter\mavlinkcom\temp\mavlinkcom\x64\debug\mavlinknode.sbr
d:\git\quadcopter\quadcopter\mavlinkcom\temp\mavlinkcom\x64\debug\semaphore.sbr
d:\git\quadcopter\quadcopter\mavlinkcom\temp\mavlinkcom\x64\debug\mavlinktcpserver.sbr
d:\git\quadcopter\quadcopter\mavlinkcom\temp\mavlinkcom\x64\debug\mavlinkvehicle.sbr
d:\git\quadcopter\quadcopter\mavlinkcom\temp\mavlinkcom\x64\debug\mavlinkvehicleimpl.sbr
d:\git\quadcopter\quadcopter\mavlinkcom\temp\mavlinkcom\x64\debug\mavlinkvehicleimpl.obj
d:\git\quadcopter\quadcopter\mavlinkcom\temp\mavlinkcom\x64\debug\mavlinkvehicle.obj
d:\git\quadcopter\quadcopter\mavlinkcom\temp\mavlinkcom\x64\debug\mavlinktcpserver.obj
d:\git\quadcopter\quadcopter\mavlinkcom\temp\mavlinkcom\x64\debug\semaphore.obj
d:\git\quadcopter\quadcopter\mavlinkcom\temp\mavlinkcom\x64\debug\mavlinknode.obj
d:\git\quadcopter\quadcopter\mavlinkcom\temp\mavlinkcom\x64\debug\mavlinkmessages.obj
d:\git\quadcopter\quadcopter\mavlinkcom\temp\mavlinkcom\x64\debug\mavlinkmessagebase.obj
d:\git\quadcopter\quadcopter\mavlinkcom\temp\mavlinkcom\x64\debug\mavlinklog.obj
d:\git\quadcopter\quadcopter\mavlinkcom\temp\mavlinkcom\x64\debug\mavlinkftpclient.obj
d:\git\quadcopter\quadcopter\mavlinkcom\temp\mavlinkcom\x64\debug\windowsfindserialports.obj
d:\git\quadcopter\quadcopter\mavlinkcom\temp\mavlinkcom\x64\debug\onecorefindserialports.obj
d:\git\quadcopter\quadcopter\mavlinkcom\temp\mavlinkcom\x64\debug\mavlinktcpserverimpl.obj
d:\git\quadcopter\quadcopter\mavlinkcom\temp\mavlinkcom\x64\debug\mavlinknodeimpl.obj
d:\git\quadcopter\quadcopter\mavlinkcom\temp\mavlinkcom\x64\debug\mavlinkftpclientimpl.obj
d:\git\quadcopter\quadcopter\mavlinkcom\temp\mavlinkcom\x64\debug\adhocconnectionimpl.obj
d:\git\quadcopter\quadcopter\mavlinkcom\temp\mavlinkcom\x64\debug\adhocconnection.obj
d:\git\quadcopter\quadcopter\mavlinkcom\temp\mavlinkcom\x64\debug\udpsocketimpl.obj
d:\git\quadcopter\quadcopter\mavlinkcom\temp\mavlinkcom\x64\debug\udpsocket.obj
d:\git\quadcopter\quadcopter\mavlinkcom\temp\mavlinkcom\x64\debug\threadutils.obj
d:\git\quadcopter\quadcopter\mavlinkcom\temp\mavlinkcom\x64\debug\filesystem.obj
d:\git\quadcopter\quadcopter\mavlinkcom\temp\mavlinkcom\x64\debug\mavlinkconnection.sbr
d:\git\quadcopter\quadcopter\mavlinkcom\temp\mavlinkcom\x64\debug\mavlinkconnectionimpl.sbr
d:\git\quadcopter\quadcopter\mavlinkcom\temp\mavlinkcom\x64\debug\mavlinkvideostream.sbr
d:\git\quadcopter\quadcopter\mavlinkcom\temp\mavlinkcom\x64\debug\mavlinkvideostreamimpl.sbr
d:\git\quadcopter\quadcopter\mavlinkcom\temp\mavlinkcom\x64\debug\serialport.sbr
d:\git\quadcopter\quadcopter\mavlinkcom\temp\mavlinkcom\x64\debug\socketinit.sbr
d:\git\quadcopter\quadcopter\mavlinkcom\temp\mavlinkcom\x64\debug\tcpclientport.sbr
d:\git\quadcopter\quadcopter\mavlinkcom\temp\mavlinkcom\x64\debug\udpclientport.sbr
d:\git\quadcopter\quadcopter\mavlinkcom\temp\mavlinkcom\x64\debug\wifi.sbr
d:\git\quadcopter\quadcopter\mavlinkcom\temp\mavlinkcom\x64\debug\wifi.obj
d:\git\quadcopter\quadcopter\mavlinkcom\temp\mavlinkcom\x64\debug\udpclientport.obj
d:\git\quadcopter\quadcopter\mavlinkcom\temp\mavlinkcom\x64\debug\tcpclientport.obj
d:\git\quadcopter\quadcopter\mavlinkcom\temp\mavlinkcom\x64\debug\socketinit.obj
d:\git\quadcopter\quadcopter\mavlinkcom\temp\mavlinkcom\x64\debug\serialport.obj
d:\git\quadcopter\quadcopter\mavlinkcom\temp\mavlinkcom\x64\debug\mavlinkvideostreamimpl.obj
d:\git\quadcopter\quadcopter\mavlinkcom\temp\mavlinkcom\x64\debug\mavlinkvideostream.obj
d:\git\quadcopter\quadcopter\mavlinkcom\temp\mavlinkcom\x64\debug\mavlinkconnectionimpl.obj
d:\git\quadcopter\quadcopter\mavlinkcom\temp\mavlinkcom\x64\debug\mavlinkconnection.obj
d:\git\multirotor\quadcoptercontrol\mavlinkcom\temp\mavlinkcom\x64\debug\mavlinkcom.pdb
d:\git\multirotor\quadcoptercontrol\mavlinkcom\temp\mavlinkcom\x64\debug\mavlinkcom.idb
d:\git\multirotor\quadcoptercontrol\mavlinkcom\temp\mavlinkcom\x64\debug\filesystem.sbr
d:\git\multirotor\quadcoptercontrol\mavlinkcom\temp\mavlinkcom\x64\debug\threadutils.sbr
d:\git\multirotor\quadcoptercontrol\mavlinkcom\temp\mavlinkcom\x64\debug\udpsocket.sbr
d:\git\multirotor\quadcoptercontrol\mavlinkcom\temp\mavlinkcom\x64\debug\udpsocketimpl.sbr
d:\git\multirotor\quadcoptercontrol\mavlinkcom\temp\mavlinkcom\x64\debug\adhocconnection.sbr
d:\git\multirotor\quadcoptercontrol\mavlinkcom\temp\mavlinkcom\x64\debug\adhocconnectionimpl.sbr
d:\git\multirotor\quadcoptercontrol\mavlinkcom\temp\mavlinkcom\x64\debug\mavlinkftpclientimpl.sbr
d:\git\multirotor\quadcoptercontrol\mavlinkcom\temp\mavlinkcom\x64\debug\mavlinknodeimpl.sbr
d:\git\multirotor\quadcoptercontrol\mavlinkcom\temp\mavlinkcom\x64\debug\mavlinktcpserverimpl.sbr
d:\git\multirotor\quadcoptercontrol\mavlinkcom\temp\mavlinkcom\x64\debug\onecorefindserialports.sbr
d:\git\multirotor\quadcoptercontrol\mavlinkcom\temp\mavlinkcom\x64\debug\windowsfindserialports.sbr
d:\git\multirotor\quadcoptercontrol\mavlinkcom\temp\mavlinkcom\x64\debug\mavlinkftpclient.sbr
d:\git\multirotor\quadcoptercontrol\mavlinkcom\temp\mavlinkcom\x64\debug\mavlinklog.sbr
d:\git\multirotor\quadcoptercontrol\mavlinkcom\temp\mavlinkcom\x64\debug\mavlinkmessagebase.sbr
d:\git\multirotor\quadcoptercontrol\mavlinkcom\temp\mavlinkcom\x64\debug\mavlinkmessages.sbr
d:\git\multirotor\quadcoptercontrol\mavlinkcom\temp\mavlinkcom\x64\debug\mavlinknode.sbr
d:\git\multirotor\quadcoptercontrol\mavlinkcom\temp\mavlinkcom\x64\debug\semaphore.sbr
d:\git\multirotor\quadcoptercontrol\mavlinkcom\temp\mavlinkcom\x64\debug\mavlinktcpserver.sbr
d:\git\multirotor\quadcoptercontrol\mavlinkcom\temp\mavlinkcom\x64\debug\mavlinkvehicle.sbr
d:\git\multirotor\quadcoptercontrol\mavlinkcom\temp\mavlinkcom\x64\debug\mavlinkvehicleimpl.sbr
d:\git\multirotor\quadcoptercontrol\mavlinkcom\temp\mavlinkcom\x64\debug\mavlinkvehicleimpl.obj
d:\git\multirotor\quadcoptercontrol\mavlinkcom\temp\mavlinkcom\x64\debug\mavlinkvehicle.obj
d:\git\multirotor\quadcoptercontrol\mavlinkcom\temp\mavlinkcom\x64\debug\mavlinktcpserver.obj
d:\git\multirotor\quadcoptercontrol\mavlinkcom\temp\mavlinkcom\x64\debug\semaphore.obj
d:\git\multirotor\quadcoptercontrol\mavlinkcom\temp\mavlinkcom\x64\debug\mavlinknode.obj
d:\git\multirotor\quadcoptercontrol\mavlinkcom\temp\mavlinkcom\x64\debug\mavlinkmessages.obj
d:\git\multirotor\quadcoptercontrol\mavlinkcom\temp\mavlinkcom\x64\debug\mavlinkmessagebase.obj
d:\git\multirotor\quadcoptercontrol\mavlinkcom\temp\mavlinkcom\x64\debug\mavlinklog.obj
d:\git\multirotor\quadcoptercontrol\mavlinkcom\temp\mavlinkcom\x64\debug\mavlinkftpclient.obj
d:\git\multirotor\quadcoptercontrol\mavlinkcom\temp\mavlinkcom\x64\debug\windowsfindserialports.obj
d:\git\multirotor\quadcoptercontrol\mavlinkcom\temp\mavlinkcom\x64\debug\onecorefindserialports.obj
d:\git\multirotor\quadcoptercontrol\mavlinkcom\temp\mavlinkcom\x64\debug\mavlinktcpserverimpl.obj
d:\git\multirotor\quadcoptercontrol\mavlinkcom\temp\mavlinkcom\x64\debug\mavlinknodeimpl.obj
d:\git\multirotor\quadcoptercontrol\mavlinkcom\temp\mavlinkcom\x64\debug\mavlinkftpclientimpl.obj
d:\git\multirotor\quadcoptercontrol\mavlinkcom\temp\mavlinkcom\x64\debug\adhocconnectionimpl.obj
d:\git\multirotor\quadcoptercontrol\mavlinkcom\temp\mavlinkcom\x64\debug\adhocconnection.obj
d:\git\multirotor\quadcoptercontrol\mavlinkcom\temp\mavlinkcom\x64\debug\udpsocketimpl.obj
d:\git\multirotor\quadcoptercontrol\mavlinkcom\temp\mavlinkcom\x64\debug\udpsocket.obj
d:\git\multirotor\quadcoptercontrol\mavlinkcom\temp\mavlinkcom\x64\debug\threadutils.obj
d:\git\multirotor\quadcoptercontrol\mavlinkcom\temp\mavlinkcom\x64\debug\filesystem.obj
d:\git\multirotor\quadcoptercontrol\mavlinkcom\temp\mavlinkcom\x64\debug\mavlinkconnection.sbr
d:\git\multirotor\quadcoptercontrol\mavlinkcom\temp\mavlinkcom\x64\debug\mavlinkconnectionimpl.sbr
d:\git\multirotor\quadcoptercontrol\mavlinkcom\temp\mavlinkcom\x64\debug\mavlinkvideostream.sbr
d:\git\multirotor\quadcoptercontrol\mavlinkcom\temp\mavlinkcom\x64\debug\mavlinkvideostreamimpl.sbr
d:\git\multirotor\quadcoptercontrol\mavlinkcom\temp\mavlinkcom\x64\debug\serialport.sbr
d:\git\multirotor\quadcoptercontrol\mavlinkcom\temp\mavlinkcom\x64\debug\socketinit.sbr
d:\git\multirotor\quadcoptercontrol\mavlinkcom\temp\mavlinkcom\x64\debug\tcpclientport.sbr
d:\git\multirotor\quadcoptercontrol\mavlinkcom\temp\mavlinkcom\x64\debug\udpclientport.sbr
d:\git\multirotor\quadcoptercontrol\mavlinkcom\temp\mavlinkcom\x64\debug\wifi.sbr
d:\git\multirotor\quadcoptercontrol\mavlinkcom\temp\mavlinkcom\x64\debug\wifi.obj
d:\git\multirotor\quadcoptercontrol\mavlinkcom\temp\mavlinkcom\x64\debug\udpclientport.obj
d:\git\multirotor\quadcoptercontrol\mavlinkcom\temp\mavlinkcom\x64\debug\tcpclientport.obj
d:\git\multirotor\quadcoptercontrol\mavlinkcom\temp\mavlinkcom\x64\debug\socketinit.obj
d:\git\multirotor\quadcoptercontrol\mavlinkcom\temp\mavlinkcom\x64\debug\serialport.obj
d:\git\multirotor\quadcoptercontrol\mavlinkcom\temp\mavlinkcom\x64\debug\mavlinkvideostreamimpl.obj
d:\git\multirotor\quadcoptercontrol\mavlinkcom\temp\mavlinkcom\x64\debug\mavlinkvideostream.obj
d:\git\multirotor\quadcoptercontrol\mavlinkcom\temp\mavlinkcom\x64\debug\mavlinkconnectionimpl.obj
d:\git\multirotor\quadcoptercontrol\mavlinkcom\temp\mavlinkcom\x64\debug\mavlinkconnection.obj
d:\git\quadcopter\quadcopter\mavlinkcom\lib\x64\debug\mavlinkcom.lib
d:\git\multirotor\quadcoptercontrol\mavlinkcom\lib\x64\debug\mavlinkcom.lib
d:\git\multirotor\quadcoptercontrol\mavlinkcom\lib\x64\debug\mavlinkcom.bsc
d:\git\multirotor\quadcoptercontrol\mavlinkcom\temp\mavlinkcom\x64\debug\mavlinkcom.tlog\bscmake.command.1.tlog
d:\git\multirotor\quadcoptercontrol\mavlinkcom\temp\mavlinkcom\x64\debug\mavlinkcom.tlog\bscmake.read.1.tlog
d:\git\multirotor\quadcoptercontrol\mavlinkcom\temp\mavlinkcom\x64\debug\mavlinkcom.tlog\cl.command.1.tlog
d:\git\multirotor\quadcoptercontrol\mavlinkcom\temp\mavlinkcom\x64\debug\mavlinkcom.tlog\cl.read.1.tlog
d:\git\multirotor\quadcoptercontrol\mavlinkcom\temp\mavlinkcom\x64\debug\mavlinkcom.tlog\cl.write.1.tlog
d:\git\multirotor\quadcoptercontrol\mavlinkcom\temp\mavlinkcom\x64\debug\mavlinkcom.tlog\lib-link.read.1.tlog
d:\git\multirotor\quadcoptercontrol\mavlinkcom\temp\mavlinkcom\x64\debug\mavlinkcom.tlog\lib-link.write.1.tlog
d:\git\multirotor\quadcoptercontrol\mavlinkcom\temp\mavlinkcom\x64\debug\mavlinkcom.tlog\lib.command.1.tlog
