d:\git\quadcopter\quadcopter\airlib\temp\airlib\x64\debug\airlib.pdb
d:\git\quadcopter\quadcopter\airlib\temp\airlib\x64\debug\airlib.idb
d:\git\quadcopter\quadcopter\airlib\temp\airlib\x64\debug\multirotorrpclibserver.obj
d:\git\quadcopter\quadcopter\airlib\temp\airlib\x64\debug\multirotorrpclibclient.obj
d:\git\quadcopter\quadcopter\airlib\temp\airlib\x64\debug\carrpclibserver.obj
d:\git\quadcopter\quadcopter\airlib\temp\airlib\x64\debug\carrpclibclient.obj
d:\git\quadcopter\quadcopter\airlib\temp\airlib\x64\debug\filesystem.obj
d:\git\quadcopter\quadcopter\airlib\temp\airlib\x64\debug\safetyeval.obj
d:\git\quadcopter\quadcopter\airlib\temp\airlib\x64\debug\obstaclemap.obj
d:\git\quadcopter\quadcopter\airlib\temp\airlib\x64\debug\multirotorapibase.obj
d:\git\quadcopter\quadcopter\airlib\temp\airlib\x64\debug\rpclibserverbase.obj
d:\git\quadcopter\quadcopter\airlib\temp\airlib\x64\debug\rpclibclientbase.obj
d:\git\multirotor\quadcoptercontrol\airlib\temp\airlib\x64\debug\airlib.pdb
d:\git\multirotor\quadcoptercontrol\airlib\temp\airlib\x64\debug\airlib.idb
d:\git\multirotor\quadcoptercontrol\airlib\temp\airlib\x64\debug\multirotorrpclibserver.obj
d:\git\multirotor\quadcoptercontrol\airlib\temp\airlib\x64\debug\multirotorrpclibclient.obj
d:\git\multirotor\quadcoptercontrol\airlib\temp\airlib\x64\debug\carrpclibserver.obj
d:\git\multirotor\quadcoptercontrol\airlib\temp\airlib\x64\debug\carrpclibclient.obj
d:\git\multirotor\quadcoptercontrol\airlib\temp\airlib\x64\debug\filesystem.obj
d:\git\multirotor\quadcoptercontrol\airlib\temp\airlib\x64\debug\safetyeval.obj
d:\git\multirotor\quadcoptercontrol\airlib\temp\airlib\x64\debug\obstaclemap.obj
d:\git\multirotor\quadcoptercontrol\airlib\temp\airlib\x64\debug\multirotorapibase.obj
d:\git\multirotor\quadcoptercontrol\airlib\temp\airlib\x64\debug\rpclibserverbase.obj
d:\git\multirotor\quadcoptercontrol\airlib\temp\airlib\x64\debug\rpclibclientbase.obj
d:\git\quadcopter\quadcopter\airlib\lib\x64\debug\airlib.lib
d:\git\multirotor\quadcoptercontrol\airlib\lib\x64\debug\airlib.lib
d:\git\multirotor\quadcoptercontrol\airlib\temp\airlib\x64\debug\airlib.tlog\cl.command.1.tlog
d:\git\multirotor\quadcoptercontrol\airlib\temp\airlib\x64\debug\airlib.tlog\cl.read.1.tlog
d:\git\multirotor\quadcoptercontrol\airlib\temp\airlib\x64\debug\airlib.tlog\cl.write.1.tlog
d:\git\multirotor\quadcoptercontrol\airlib\temp\airlib\x64\debug\airlib.tlog\lib-link.read.1.tlog
d:\git\multirotor\quadcoptercontrol\airlib\temp\airlib\x64\debug\airlib.tlog\lib-link.write.1.tlog
d:\git\multirotor\quadcoptercontrol\airlib\temp\airlib\x64\debug\airlib.tlog\lib.command.1.tlog
